<?xml version="1.0" encoding="UTF-8"?>
<testsuite name="tests.Login" tests="1" skipped="0" failures="0" errors="0" timestamp="2022-06-27T16:27:12" hostname="ALEXPC" time="136.002">
  <properties/>
  <testcase name="loginPositive" classname="tests.Login" time="136.002"/>
  <system-out><![CDATA[]]></system-out>
  <system-err><![CDATA[]]></system-err>
</testsuite>
